<?xml version="1.0" encoding="UTF-8"?>
<!-- Generated by org.testng.reporters.JUnitXMLReporter -->
<testsuite ignored="1" hostname="DESKTOP-NU8MI4J" failures="0" tests="4" name="eCollabDDS Tests" time="22.763" errors="0" timestamp="2023-05-29T17:31:08 IST">
  <testcase classname="radiologistTests.Radio_Login_Tests" name="login_Radio_Test" time="22.377"/>
  <testcase classname="radiologistTests.Radio_Rejected_Pages_Tests" name="radio_myProfile_button_Test" time="0.137"/>
  <testcase classname="radiologistTests.Radio_Rejected_Pages_Tests" name="radio_vCards_Test" time="0.105"/>
  <testcase classname="radiologistTests.Radio_Rejected_Pages_Tests" name="radio_vCards_Counts_Test" time="0.082"/>
  <testcase classname="endUserTests.TestBase" name="@BeforeSuite EndUser_Url_should_open" time="0.0">
    <ignored/>
  </testcase> <!-- @BeforeSuite EndUser_Url_should_open -->
</testsuite> <!-- eCollabDDS Tests -->
