<?xml version="1.0" encoding="UTF-8"?>
<!-- Generated by org.testng.reporters.JUnitXMLReporter -->
<testsuite ignored="1" hostname="DESKTOP-NU8MI4J" failures="1" tests="2" name="endUser Tests" time="18.336" errors="0" timestamp="2023-04-03T16:48:29 IST">
  <testcase classname="endUserTests.EndUser_Login_Tests" name="EndUser_Login_Page_Test" time="15.267"/>
  <testcase classname="endUserTests.EndUser_Pending_Tests" name="open_Pending_vcard" time="3.008">
    <failure type="java.lang.NullPointerException" message="Cannot invoke &amp;quot;org.openqa.selenium.SearchContext.findElement(org.openqa.selenium.By)&amp;quot; because &amp;quot;this.searchContext&amp;quot; is null">
      <![CDATA[java.lang.NullPointerException: Cannot invoke "org.openqa.selenium.SearchContext.findElement(org.openqa.selenium.By)" because "this.searchContext" is null
at org.openqa.selenium.support.pagefactory.DefaultElementLocator.findElement(DefaultElementLocator.java:69)
at org.openqa.selenium.support.pagefactory.internal.LocatingElementHandler.invoke(LocatingElementHandler.java:38)
at jdk.proxy2/jdk.proxy2.$Proxy12.click(Unknown Source)
at endUserPages.EndUser_Pending_Page.open_Pending_vcard(EndUser_Pending_Page.java:62)
at endUserTests.EndUser_Pending_Tests.open_Pending_vcard(EndUser_Pending_Tests.java:20)
at java.base/java.util.ArrayList.forEach(ArrayList.java:1511)
... Removed 27 stack frames]]>
    </failure>
  </testcase> <!-- open_Pending_vcard -->
  <testcase classname="endUserTests.TestBase" name="@BeforeSuite EndUser_Url_should_open" time="0.0">
    <ignored/>
  </testcase> <!-- @BeforeSuite EndUser_Url_should_open -->
</testsuite> <!-- endUser Tests -->
