<?xml version="1.0" encoding="UTF-8"?>
<testng-results ignored="1" total="5" passed="4" failed="0" skipped="0">
  <reporter-output>
    <line>
      <![CDATA[Test started: login_Radio_Test]]>
    </line>
    <line>
      <![CDATA[Passed: login_Radio_Test]]>
    </line>
    <line>
      <![CDATA[Test started: radio_myProfile_button_Test]]>
    </line>
    <line>
      <![CDATA[Passed: radio_myProfile_button_Test]]>
    </line>
    <line>
      <![CDATA[Test started: radio_vCards_Test]]>
    </line>
    <line>
      <![CDATA[Passed: radio_vCards_Test]]>
    </line>
    <line>
      <![CDATA[Test started: radio_vCards_Counts_Test]]>
    </line>
    <line>
      <![CDATA[Passed: radio_vCards_Counts_Test]]>
    </line>
  </reporter-output>
  <suite started-at="2023-05-29T17:30:45 IST" name="Regression Suite" finished-at="2023-05-29T17:31:08 IST" duration-ms="22763">
    <groups>
    </groups>
    <test started-at="2023-05-29T17:30:45 IST" name="eCollabDDS Tests" finished-at="2023-05-29T17:31:08 IST" duration-ms="22763">
      <class name="radiologistTests.Radio_Login_Tests">
        <test-method is-config="true" signature="EndUser_Url_should_open(java.lang.String)[pri:0, instance:radiologistTests.Radio_Login_Tests@6e2aa843]" started-at="2023-05-29T17:30:34 IST" name="EndUser_Url_should_open" finished-at="2023-05-29T17:30:45 IST" duration-ms="11641" status="PASS">
          <params>
            <param index="0">
              <value>
                <![CDATA[chrome]]>
              </value>
            </param>
          </params>
          <reporter-output>
          </reporter-output>
        </test-method> <!-- EndUser_Url_should_open -->
        <test-method signature="login_Radio_Test()[pri:0, instance:radiologistTests.Radio_Login_Tests@6e2aa843]" started-at="2023-05-29T17:30:45 IST" name="login_Radio_Test" finished-at="2023-05-29T17:31:08 IST" duration-ms="22377" status="PASS">
          <reporter-output>
            <line>
              <![CDATA[Test started: login_Radio_Test]]>
            </line>
            <line>
              <![CDATA[Passed: login_Radio_Test]]>
            </line>
          </reporter-output>
        </test-method> <!-- login_Radio_Test -->
      </class> <!-- radiologistTests.Radio_Login_Tests -->
      <class name="radiologistTests.Radio_Rejected_Pages_Tests">
        <test-method signature="radio_myProfile_button_Test()[pri:1, instance:radiologistTests.Radio_Rejected_Pages_Tests@7dc3712]" started-at="2023-05-29T17:31:08 IST" name="radio_myProfile_button_Test" finished-at="2023-05-29T17:31:08 IST" duration-ms="137" status="PASS">
          <reporter-output>
            <line>
              <![CDATA[Test started: radio_myProfile_button_Test]]>
            </line>
            <line>
              <![CDATA[Passed: radio_myProfile_button_Test]]>
            </line>
          </reporter-output>
        </test-method> <!-- radio_myProfile_button_Test -->
        <test-method signature="radio_vCards_Test()[pri:2, instance:radiologistTests.Radio_Rejected_Pages_Tests@7dc3712]" started-at="2023-05-29T17:31:08 IST" name="radio_vCards_Test" finished-at="2023-05-29T17:31:08 IST" duration-ms="105" status="PASS">
          <reporter-output>
            <line>
              <![CDATA[Test started: radio_vCards_Test]]>
            </line>
            <line>
              <![CDATA[Passed: radio_vCards_Test]]>
            </line>
          </reporter-output>
        </test-method> <!-- radio_vCards_Test -->
        <test-method signature="radio_vCards_Counts_Test()[pri:3, instance:radiologistTests.Radio_Rejected_Pages_Tests@7dc3712]" started-at="2023-05-29T17:31:08 IST" name="radio_vCards_Counts_Test" finished-at="2023-05-29T17:31:08 IST" duration-ms="82" status="PASS">
          <reporter-output>
            <line>
              <![CDATA[Test started: radio_vCards_Counts_Test]]>
            </line>
            <line>
              <![CDATA[Passed: radio_vCards_Counts_Test]]>
            </line>
          </reporter-output>
        </test-method> <!-- radio_vCards_Counts_Test -->
      </class> <!-- radiologistTests.Radio_Rejected_Pages_Tests -->
    </test> <!-- eCollabDDS Tests -->
  </suite> <!-- Regression Suite -->
</testng-results>
