<?xml version="1.0" encoding="UTF-8"?>
<testng-results ignored="1" total="3" passed="1" failed="1" skipped="0">
  <reporter-output>
    <line>
      <![CDATA[Test started: EndUser_Login_Page_Test]]>
    </line>
    <line>
      <![CDATA[Passed: EndUser_Login_Page_Test]]>
    </line>
    <line>
      <![CDATA[Test started: open_Pending_vcard]]>
    </line>
    <line>
      <![CDATA[Failed: open_Pending_vcard]]>
    </line>
  </reporter-output>
  <suite started-at="2023-04-03T16:48:10 IST" name="EndUserSuit" finished-at="2023-04-03T16:48:29 IST" duration-ms="18336">
    <groups>
    </groups>
    <test started-at="2023-04-03T16:48:10 IST" name="endUser Tests" finished-at="2023-04-03T16:48:29 IST" duration-ms="18336">
      <class name="endUserTests.EndUser_Login_Tests">
        <test-method signature="EndUser_Login_Page_Test()[pri:0, instance:endUserTests.EndUser_Login_Tests@13d73f29]" started-at="2023-04-03T16:48:10 IST" name="EndUser_Login_Page_Test" finished-at="2023-04-03T16:48:26 IST" duration-ms="15267" status="PASS">
          <reporter-output>
            <line>
              <![CDATA[Test started: EndUser_Login_Page_Test]]>
            </line>
            <line>
              <![CDATA[Passed: EndUser_Login_Page_Test]]>
            </line>
          </reporter-output>
        </test-method> <!-- EndUser_Login_Page_Test -->
      </class> <!-- endUserTests.EndUser_Login_Tests -->
      <class name="endUserTests.EndUser_Pending_Tests">
        <test-method signature="open_Pending_vcard()[pri:0, instance:endUserTests.EndUser_Pending_Tests@565f390]" started-at="2023-04-03T16:48:26 IST" name="open_Pending_vcard" finished-at="2023-04-03T16:48:29 IST" duration-ms="3008" status="FAIL">
          <exception class="java.lang.NullPointerException">
            <message>
              <![CDATA[Cannot invoke "org.openqa.selenium.SearchContext.findElement(org.openqa.selenium.By)" because "this.searchContext" is null]]>
            </message>
            <full-stacktrace>
              <![CDATA[java.lang.NullPointerException: Cannot invoke "org.openqa.selenium.SearchContext.findElement(org.openqa.selenium.By)" because "this.searchContext" is null
at org.openqa.selenium.support.pagefactory.DefaultElementLocator.findElement(DefaultElementLocator.java:69)
at org.openqa.selenium.support.pagefactory.internal.LocatingElementHandler.invoke(LocatingElementHandler.java:38)
at jdk.proxy2/jdk.proxy2.$Proxy12.click(Unknown Source)
at endUserPages.EndUser_Pending_Page.open_Pending_vcard(EndUser_Pending_Page.java:62)
at endUserTests.EndUser_Pending_Tests.open_Pending_vcard(EndUser_Pending_Tests.java:20)
at java.base/jdk.internal.reflect.NativeMethodAccessorImpl.invoke0(Native Method)
at java.base/jdk.internal.reflect.NativeMethodAccessorImpl.invoke(NativeMethodAccessorImpl.java:77)
at java.base/jdk.internal.reflect.DelegatingMethodAccessorImpl.invoke(DelegatingMethodAccessorImpl.java:43)
at java.base/java.lang.reflect.Method.invoke(Method.java:568)
at org.testng.internal.MethodInvocationHelper.invokeMethod(MethodInvocationHelper.java:133)
at org.testng.internal.TestInvoker.invokeMethod(TestInvoker.java:598)
at org.testng.internal.TestInvoker.invokeTestMethod(TestInvoker.java:173)
at org.testng.internal.MethodRunner.runInSequence(MethodRunner.java:46)
at org.testng.internal.TestInvoker$MethodInvocationAgent.invoke(TestInvoker.java:824)
at org.testng.internal.TestInvoker.invokeTestMethods(TestInvoker.java:146)
at org.testng.internal.TestMethodWorker.invokeTestMethods(TestMethodWorker.java:146)
at org.testng.internal.TestMethodWorker.run(TestMethodWorker.java:128)
at java.base/java.util.ArrayList.forEach(ArrayList.java:1511)
at org.testng.TestRunner.privateRun(TestRunner.java:794)
at org.testng.TestRunner.run(TestRunner.java:596)
at org.testng.SuiteRunner.runTest(SuiteRunner.java:377)
at org.testng.SuiteRunner.runSequentially(SuiteRunner.java:371)
at org.testng.SuiteRunner.privateRun(SuiteRunner.java:332)
at org.testng.SuiteRunner.run(SuiteRunner.java:276)
at org.testng.SuiteRunnerWorker.runSuite(SuiteRunnerWorker.java:53)
at org.testng.SuiteRunnerWorker.run(SuiteRunnerWorker.java:96)
at org.testng.TestNG.runSuitesSequentially(TestNG.java:1212)
at org.testng.TestNG.runSuitesLocally(TestNG.java:1134)
at org.testng.TestNG.runSuites(TestNG.java:1063)
at org.testng.TestNG.run(TestNG.java:1031)
at org.testng.remote.AbstractRemoteTestNG.run(AbstractRemoteTestNG.java:115)
at org.testng.remote.RemoteTestNG.initAndRun(RemoteTestNG.java:251)
at org.testng.remote.RemoteTestNG.main(RemoteTestNG.java:77)
]]>
            </full-stacktrace>
          </exception> <!-- java.lang.NullPointerException -->
          <reporter-output>
            <line>
              <![CDATA[Test started: open_Pending_vcard]]>
            </line>
            <line>
              <![CDATA[Failed: open_Pending_vcard]]>
            </line>
          </reporter-output>
        </test-method> <!-- open_Pending_vcard -->
      </class> <!-- endUserTests.EndUser_Pending_Tests -->
      <class name="endUserTests.TestBase">
        <test-method is-config="true" signature="EndUser_Url_should_open(java.lang.String)[pri:0, instance:endUserTests.TestBase@465232e9]" started-at="2023-04-03T16:48:01 IST" name="EndUser_Url_should_open" finished-at="2023-04-03T16:48:10 IST" duration-ms="9108" status="PASS">
          <params>
            <param index="0">
              <value>
                <![CDATA[chrome]]>
              </value>
            </param>
          </params>
          <reporter-output>
          </reporter-output>
        </test-method> <!-- EndUser_Url_should_open -->
      </class> <!-- endUserTests.TestBase -->
    </test> <!-- endUser Tests -->
  </suite> <!-- EndUserSuit -->
</testng-results>
